<?xml version="1.0" encoding="UTF-8"?>
<!-- Generated by org.testng.reporters.JUnitReportReporter -->
<testsuite hostname="INLN34364442A" failures="0" tests="3" name="tests.VerifyCountryFilterTest" time="99.551" errors="0" timestamp="2021-02-22T19:54:56 IST" skipped="0">
  <testcase classname="tests.VerifyCountryFilterTest" name="verifyCountryFilterTest" time="28.459"/>
  <system-out/>
  <testcase classname="tests.VerifyCountryFilterTest" name="verifyCountryFilterTest" time="36.406"/>
  <system-out/>
  <testcase classname="tests.VerifyCountryFilterTest" name="verifyCountryFilterTest" time="34.686"/>
  <system-out/>
</testsuite> <!-- tests.VerifyCountryFilterTest -->
